<?xml version="1.0" encoding="UTF-8" ?>
<testsuite failures="0" time="0.237" errors="0" skipped="0" tests="13" name="edu.louisiana.cacs.csce450Project.SanityCheck">
  <properties>
[...]
</properties>
  <testcase time="0.009" name="edu.louisiana.cacs.csce450Project.SanityCheck.testDivideByZero"/>
  <testcase time="0.014" name="edu.louisiana.cacs.csce450Project.SanityCheck.testThatHamcrestVersionOfAssertNullAndNotNullWork"/>
  <testcase time="0.001" name="edu.louisiana.cacs.csce450Project.SanityCheck.testThatHamcrestVersionOfAssertSameAndAssertNotSameWork"/>
  <testcase time="0.002" name="edu.louisiana.cacs.csce450Project.SanityCheck.testThatHamcrestVersionsOfAssertTrueFalseWork"/>
  <testcase time="0" name="edu.louisiana.cacs.csce450Project.SanityCheck.testThatHamcrestVersionOfAssertEqualsWorks"/>
  <testcase time="0" name="edu.louisiana.cacs.csce450Project.SanityCheck.testThatAssertSameAndAssertNotSameWork"/>
  <testcase time="0" name="edu.louisiana.cacs.csce450Project.SanityCheck.testThatAssertTrueAndAssertFalseWork"/>
  <testcase time="0" name="edu.louisiana.cacs.csce450Project.SanityCheck.testThatAssertNullAndAssertNotNullWork"/>
  <testcase time="0.001" name="edu.louisiana.cacs.csce450Project.SanityCheck.testMultTwo"/>
  <testcase time="0" name="edu.louisiana.cacs.csce450Project.SanityCheck.testDivide"/>
  <testcase time="0" name="edu.louisiana.cacs.csce450Project.SanityCheck.testAddTwo"/>
  <testcase time="0" name="edu.louisiana.cacs.csce450Project.SanityCheck.testSubTwo"/>
  <testcase time="0.001" name="edu.louisiana.cacs.csce450Project.SanityCheck.testThatAssertEqualsWorks"/>
</testsuite>